<?xml version="1.0" encoding="UTF-8"?>
<!-- Generated by org.testng.reporters.JUnitReportReporter -->
<testsuite hostname="LAPTOP-A648GEG9" failures="0" tests="2" name="tests.UserSignUpWithDDTandDPTest" time="87.358" errors="0" timestamp="2020-04-12T19:35:47 EET" skipped="0">
  <testcase classname="tests.UserSignUpWithDDTandDPTest" name="UserCanSignUpSuccessfully" time="43.088"/>
  <system-out/>
  <testcase classname="tests.UserSignUpWithDDTandDPTest" name="UserCanSignUpSuccessfully" time="44.270"/>
  <system-out/>
</testsuite> <!-- tests.UserSignUpWithDDTandDPTest -->
