<?xml version="1.0" encoding="UTF-8"?>
<!-- Generated by org.testng.reporters.JUnitReportReporter -->
<testsuite hostname="LAPTOP-A648GEG9" failures="0" tests="1" name="tests.GetResponseTest" time="5.714" errors="0" timestamp="2020-04-13T21:40:26 EET" skipped="0">
  <testcase classname="tests.GetResponseTest" name="testResponse" time="5.714"/>
  <system-out/>
</testsuite> <!-- tests.GetResponseTest -->
