<?xml version="1.0" encoding="UTF-8"?>
<!-- Generated by org.testng.reporters.JUnitReportReporter -->
<testsuite hostname="LAPTOP-A648GEG9" failures="0" tests="1" name="tests.UserSignUpWithDDTandJSONTest" time="19.353" errors="0" timestamp="2020-04-12T23:02:38 EET" skipped="0">
  <testcase classname="tests.UserSignUpWithDDTandJSONTest" name="UserCanSignUpSuccessfully" time="19.353"/>
  <system-out/>
</testsuite> <!-- tests.UserSignUpWithDDTandJSONTest -->
