<?xml version="1.0" encoding="UTF-8"?>
<!-- Generated by org.testng.reporters.JUnitReportReporter -->
<testsuite hostname="LAPTOP-A648GEG9" failures="0" tests="1" name="tests.GetResponseTest" time="4.288" errors="0" timestamp="2020-04-13T22:51:38 EET" skipped="0">
  <testcase classname="tests.GetResponseTest" name="testResponse" time="4.288"/>
  <system-out/>
</testsuite> <!-- tests.GetResponseTest -->
