<?xml version="1.0" encoding="UTF-8"?>
<!-- Generated by org.testng.reporters.JUnitReportReporter -->
<testsuite hostname="LAPTOP-A648GEG9" failures="0" tests="1" name="tests.UserSignUpWithDDTandJSONTest" time="64.492" errors="0" timestamp="2020-04-14T01:54:50 EET" skipped="0">
  <testcase classname="tests.UserSignUpWithDDTandJSONTest" name="UserCanSignUpSuccessfully" time="64.492"/>
  <system-out/>
</testsuite> <!-- tests.UserSignUpWithDDTandJSONTest -->
