<?xml version="1.0" encoding="UTF-8"?>
<!-- Generated by org.testng.reporters.JUnitReportReporter -->
<testsuite hostname="LAPTOP-A648GEG9" failures="0" tests="3" name="tests.UserSignUpWithJavaFakerTest" time="12.189" errors="0" timestamp="2020-04-13T00:38:13 EET" skipped="0">
  <testcase classname="tests.UserSignUpWithJavaFakerTest" name="RegisteredUserCanLogout" time="2.201"/>
  <system-out/>
  <testcase classname="tests.UserSignUpWithJavaFakerTest" name="UserCanLogin" time="3.754"/>
  <system-out/>
  <testcase classname="tests.UserSignUpWithJavaFakerTest" name="UserCanSignUpSuccessfully" time="6.234"/>
  <system-out/>
</testsuite> <!-- tests.UserSignUpWithJavaFakerTest -->
