<?xml version="1.0" encoding="UTF-8"?>
<!-- Generated by org.testng.reporters.JUnitReportReporter -->
<testsuite hostname="LAPTOP-A648GEG9" failures="0" tests="3" name="tests.UserSignUpWithDDTandProperitesTest" time="10.924" errors="0" timestamp="2020-04-13T18:10:11 EET" skipped="0">
  <testcase classname="tests.UserSignUpWithDDTandProperitesTest" name="RegisteredUserCanLogout" time="4.083"/>
  <system-out/>
  <testcase classname="tests.UserSignUpWithDDTandProperitesTest" name="UserCanLogin" time="0.017"/>
  <system-out/>
  <testcase classname="tests.UserSignUpWithDDTandProperitesTest" name="UserCanSignUpSuccessfully" time="6.824"/>
  <system-out/>
</testsuite> <!-- tests.UserSignUpWithDDTandProperitesTest -->
